<?xml version="1.0" encoding="UTF-8"?>
<!-- Generated by org.testng.reporters.JUnitReportReporter -->
<testsuite hostname="LAPTOP-0M1LMKLU" failures="0" tests="1" name="com.api.tests.UseTestDataReadJson" time="1.229" errors="0" timestamp="11 Apr 2023 11:12:16 GMT" skipped="0">
  <testcase classname="com.api.tests.UseTestDataReadJson" name="ValidateStatusCodeFromJson" time="1.229"/>
</testsuite> <!-- com.api.tests.UseTestDataReadJson -->
