<?xml version="1.0" encoding="UTF-8"?>
<!-- Generated by org.testng.reporters.JUnitReportReporter -->
<testsuite hostname="LAPTOP-0M1LMKLU" failures="0" tests="1" name="com.api.tests.PostMethodPojoSingleValue" time="0.995" errors="0" timestamp="12 Apr 2023 11:06:15 GMT" skipped="0">
  <testcase classname="com.api.tests.PostMethodPojoSingleValue" name="ValidatePATCHmethod" time="0.995"/>
</testsuite> <!-- com.api.tests.PostMethodPojoSingleValue -->
