<?xml version="1.0" encoding="UTF-8"?>
<!-- Generated by org.testng.reporters.JUnitReportReporter -->
<testsuite hostname="LAPTOP-0M1LMKLU" failures="0" tests="1" name="com.api.tests.PostMethodAuto" time="0.928" errors="0" timestamp="11 Apr 2023 19:19:18 GMT" skipped="0">
  <testcase classname="com.api.tests.PostMethodAuto" name="ValidateStatusCodePostMethod" time="0.928"/>
</testsuite> <!-- com.api.tests.PostMethodAuto -->
