<?xml version="1.0" encoding="UTF-8"?>
<!-- Generated by org.testng.reporters.JUnitReportReporter -->
<testsuite hostname="LAPTOP-0M1LMKLU" failures="0" tests="1" name="com.api.tests.UseCommonProperty" time="0.930" errors="0" timestamp="11 Apr 2023 13:48:35 GMT" skipped="0">
  <testcase classname="com.api.tests.UseCommonProperty" name="ValidateCommonPropertyandJsonfile" time="0.930"/>
</testsuite> <!-- com.api.tests.UseCommonProperty -->
